Mon, 31 Aug 2020 14:35:26 GMT GET /admin/codes 405 27 - 3.818 ms unknown user PostmanRuntime/7.26.3
Mon, 31 Aug 2020 14:35:32 GMT GET /admin/codes 404 23 - 217.503 ms Obada Darwish PostmanRuntime/7.26.3
Mon, 31 Aug 2020 14:36:35 GMT POST /admin/codes   -  ms Obada Darwish PostmanRuntime/7.26.3
Mon, 31 Aug 2020 14:39:39 GMT POST /admin/codes 200 35 - 166.516 ms Obada Darwish PostmanRuntime/7.26.3
Mon, 31 Aug 2020 14:47:05 GMT POST /admin/codes 200 35 - 1197.897 ms Obada Darwish PostmanRuntime/7.26.3
Mon, 31 Aug 2020 14:47:47 GMT POST /admin/codes 200 35 - 206.366 ms Obada Darwish PostmanRuntime/7.26.3
Mon, 31 Aug 2020 14:48:42 GMT POST /admin/codes 200 35 - 1008.121 ms Obada Darwish PostmanRuntime/7.26.3
Mon, 31 Aug 2020 15:21:56 GMT POST /shop/promo 500 1923 - 210.838 ms Obada Darwish PostmanRuntime/7.26.3
Mon, 31 Aug 2020 15:22:30 GMT POST /shop/promo 405 37 - 397.279 ms Obada Darwish PostmanRuntime/7.26.3
Mon, 31 Aug 2020 15:23:08 GMT POST /shop/promo 200 190 - 819.996 ms Obada Darwish PostmanRuntime/7.26.3
Mon, 31 Aug 2020 15:24:41 GMT POST /shop/promo 405 37 - 1294.810 ms Obada Darwish PostmanRuntime/7.26.3
Mon, 31 Aug 2020 15:25:16 GMT POST /shop/promo 200 216 - 846.203 ms Obada Darwish PostmanRuntime/7.26.3
Mon, 31 Aug 2020 15:25:40 GMT POST /shop/promo 405 37 - 565.870 ms Obada Darwish PostmanRuntime/7.26.3
Mon, 31 Aug 2020 15:25:56 GMT POST /shop/promo 405 37 - 445.873 ms Obada Darwish PostmanRuntime/7.26.3
Mon, 31 Aug 2020 15:26:19 GMT POST /shop/promo 405 37 - 502.479 ms Obada Darwish PostmanRuntime/7.26.3
Mon, 31 Aug 2020 15:26:45 GMT POST /shop/promo 200 190 - 387.462 ms Obada Darwish PostmanRuntime/7.26.3
Mon, 31 Aug 2020 15:27:36 GMT POST /shop/promo 200 17 - 588.129 ms Obada Darwish PostmanRuntime/7.26.3
Mon, 31 Aug 2020 16:14:24 GMT POST /shop/promo 200 17 - 445.403 ms Obada Darwish PostmanRuntime/7.26.3
Mon, 31 Aug 2020 16:31:42 GMT POST /shop/cart 200 31 - 2022.682 ms Obada Darwish PostmanRuntime/7.26.3
Mon, 31 Aug 2020 16:33:18 GMT POST /shop/order 500 2 - 827.163 ms Obada Darwish PostmanRuntime/7.26.3
Mon, 31 Aug 2020 16:34:49 GMT POST /shop/order 500 2 - 974.177 ms Obada Darwish PostmanRuntime/7.26.3
Mon, 31 Aug 2020 16:35:59 GMT POST /shop/order 500 2 - 866.067 ms Obada Darwish PostmanRuntime/7.26.3
Mon, 31 Aug 2020 16:40:01 GMT POST /shop/order 200 24 - 1424.565 ms Obada Darwish PostmanRuntime/7.26.3
Mon, 31 Aug 2020 17:31:23 GMT POST /shop/cart 200 31 - 376.005 ms Obada Darwish PostmanRuntime/7.26.3
Mon, 31 Aug 2020 17:55:45 GMT POST /shop/order 405 14 - 664.175 ms Obada Darwish PostmanRuntime/7.26.3
Mon, 31 Aug 2020 17:56:17 GMT POST /shop/order 405 27 - 145.907 ms Obada Darwish PostmanRuntime/7.26.3
Mon, 31 Aug 2020 17:59:04 GMT POST /shop/cart 200 31 - 336.496 ms Obada Darwish PostmanRuntime/7.26.3
Mon, 31 Aug 2020 17:59:27 GMT POST /shop/order 200 39 - 979.610 ms Obada Darwish PostmanRuntime/7.26.3
Mon, 31 Aug 2020 18:02:50 GMT POST /shop/cart 200 31 - 360.658 ms Obada Darwish PostmanRuntime/7.26.3
Mon, 31 Aug 2020 18:02:56 GMT POST /shop/order 405 37 - 476.217 ms Obada Darwish PostmanRuntime/7.26.3
Mon, 31 Aug 2020 18:05:15 GMT POST /shop/cart 200 31 - 354.667 ms Obada Darwish PostmanRuntime/7.26.3
Mon, 31 Aug 2020 18:07:25 GMT POST /shop/order 200 39 - 1059.247 ms Obada Darwish PostmanRuntime/7.26.3
Mon, 31 Aug 2020 18:08:05 GMT POST /shop/cart 200 31 - 431.520 ms Obada Darwish PostmanRuntime/7.26.3
Mon, 31 Aug 2020 18:08:09 GMT POST /shop/order 200 39 - 1758.730 ms Obada Darwish PostmanRuntime/7.26.3
